<?xml version="1.0" encoding="UTF-8"?>
<!-- Generated by org.testng.reporters.JUnitXMLReporter -->
<testsuite ignored="35" hostname="DESKTOP-9QNLE1V" failures="2" tests="7" name="sample-Test" time="331.688" errors="0" timestamp="2022-07-27T22:24:24 IST">
  <testcase classname="com.demo.tests.CreateAccountTest" name="CreateAccountNavigation" time="21.288"/>
  <testcase classname="com.demo.tests.CreateAccountTest" name="createaccountvalidation" time="22.723"/>
  <testcase classname="com.demo.tests.CreateAccountTest" name="createaccount" time="36.659"/>
  <testcase classname="com.demo.tests.SearchProductTest" name="searchTest" time="11.993"/>
  <testcase classname="com.demo.tests.SearchProductTest" name="searchTest" time="14.431">
    <failure type="java.lang.AssertionError" message="Search not working properly expected [true] but found [false]">
      <![CDATA[java.lang.AssertionError: Search not working properly expected [true] but found [false]
at com.demo.tests.SearchProductTest.searchTest(SearchProductTest.java:31)
at java.base/java.util.ArrayList.forEach(ArrayList.java:1511)
... Removed 30 stack frames]]>
    </failure>
  </testcase> <!-- searchTest -->
  <testcase classname="com.demo.tests.SearchProductTest" name="searchTest" time="32.465">
    <failure type="java.lang.AssertionError" message="Search not working properly expected [true] but found [false]">
      <![CDATA[java.lang.AssertionError: Search not working properly expected [true] but found [false]
at com.demo.tests.SearchProductTest.searchTest(SearchProductTest.java:31)
at java.base/java.util.ArrayList.forEach(ArrayList.java:1511)
... Removed 30 stack frames]]>
    </failure>
  </testcase> <!-- searchTest -->
  <testcase classname="com.demo.tests.SignOutTest" name="logout" time="150.594"/>
  <testcase classname="com.demo.tests.ContactUsTest" name="contactlogin" time="0.0">
    <ignored/>
  </testcase> <!-- contactlogin -->
  <testcase classname="com.demo.tests.CheckOutTest" name="checkoutsummary" time="0.0">
    <ignored/>
  </testcase> <!-- checkoutsummary -->
  <testcase classname="com.demo.main.WebDriverManager" name="@BeforeTest beforeTest" time="0.0">
    <ignored/>
  </testcase> <!-- @BeforeTest beforeTest -->
  <testcase classname="com.demo.tests.ContactUsTest" name="contactnotlogin" time="0.0">
    <ignored/>
  </testcase> <!-- contactnotlogin -->
  <testcase classname="com.demo.main.WebDriverManager" name="@BeforeTest beforeTest" time="0.0">
    <ignored/>
  </testcase> <!-- @BeforeTest beforeTest -->
  <testcase classname="com.demo.tests.AddressTest" name="addressDelete" time="0.0">
    <ignored/>
  </testcase> <!-- addressDelete -->
  <testcase classname="com.demo.tests.CartTest" name="cart" time="0.0">
    <ignored/>
  </testcase> <!-- cart -->
  <testcase classname="com.demo.main.WebDriverManager" name="@BeforeTest beforeTest" time="0.0">
    <ignored/>
  </testcase> <!-- @BeforeTest beforeTest -->
  <testcase classname="com.demo.tests.ContinueShoppingPageTest" name="continueshopSK" time="0.0">
    <ignored/>
  </testcase> <!-- continueshopSK -->
  <testcase classname="com.demo.tests.CheckOutTest" name="checkoutsummaryquantity" time="0.0">
    <ignored/>
  </testcase> <!-- checkoutsummaryquantity -->
  <testcase classname="com.demo.tests.LoginTest" name="invalidLogin" time="0.0">
    <ignored/>
  </testcase> <!-- invalidLogin -->
  <testcase classname="com.demo.tests.ProductAddtoCartTest" name="productselection" time="0.0">
    <ignored/>
  </testcase> <!-- productselection -->
  <testcase classname="com.demo.tests.CheckOutTest" name="checkoutsummaryprice" time="0.0">
    <ignored/>
  </testcase> <!-- checkoutsummaryprice -->
  <testcase classname="com.demo.main.WebDriverManager" name="@BeforeTest beforeTest" time="0.0">
    <ignored/>
  </testcase> <!-- @BeforeTest beforeTest -->
  <testcase classname="com.demo.tests.ContactUsTest" name="contactvalidlogin" time="0.0">
    <ignored/>
  </testcase> <!-- contactvalidlogin -->
  <testcase classname="com.demo.tests.ContinueShoppingPageTest" name="checkoutdelete" time="0.0">
    <ignored/>
  </testcase> <!-- checkoutdelete -->
  <testcase classname="com.demo.tests.WishlistTest" name="wishlistredirection" time="0.0">
    <ignored/>
  </testcase> <!-- wishlistredirection -->
  <testcase classname="com.demo.tests.FilterVerifyTest" name="filterproduct" time="0.0">
    <ignored/>
  </testcase> <!-- filterproduct -->
  <testcase classname="com.demo.tests.WishlistTest" name="wishlistnotlogin" time="0.0">
    <ignored/>
  </testcase> <!-- wishlistnotlogin -->
  <testcase classname="com.demo.main.WebDriverManager" name="@BeforeTest beforeTest" time="0.0">
    <ignored/>
  </testcase> <!-- @BeforeTest beforeTest -->
  <testcase classname="com.demo.tests.AddressTest" name="address" time="0.0">
    <ignored/>
  </testcase> <!-- address -->
  <testcase classname="com.demo.tests.SortTest" name="sortlist" time="0.0">
    <ignored/>
  </testcase> <!-- sortlist -->
  <testcase classname="com.demo.tests.AddressTest" name="addressUpdate" time="0.0">
    <ignored/>
  </testcase> <!-- addressUpdate -->
  <testcase classname="com.demo.main.WebDriverManager" name="@BeforeTest beforeTest" time="0.0">
    <ignored/>
  </testcase> <!-- @BeforeTest beforeTest -->
  <testcase classname="com.demo.tests.CheckOutTest" name="checkout" time="0.0">
    <ignored/>
  </testcase> <!-- checkout -->
  <testcase classname="com.demo.main.WebDriverManager" name="@BeforeTest beforeTest" time="0.0">
    <ignored/>
  </testcase> <!-- @BeforeTest beforeTest -->
  <testcase classname="com.demo.main.WebDriverManager" name="@BeforeTest beforeTest" time="0.0">
    <ignored/>
  </testcase> <!-- @BeforeTest beforeTest -->
  <testcase classname="com.demo.tests.WishlistTest" name="wishlistdelete" time="0.0">
    <ignored/>
  </testcase> <!-- wishlistdelete -->
  <testcase classname="com.demo.tests.ProductAddtoCartTest" name="tshirtSelection" time="0.0">
    <ignored/>
  </testcase> <!-- tshirtSelection -->
  <testcase classname="com.demo.tests.WishlistTest" name="wishlistlogin" time="0.0">
    <ignored/>
  </testcase> <!-- wishlistlogin -->
  <testcase classname="com.demo.main.WebDriverManager" name="@BeforeTest beforeTest" time="0.0">
    <ignored/>
  </testcase> <!-- @BeforeTest beforeTest -->
  <testcase classname="com.demo.tests.LoginTest" name="login" time="0.0">
    <ignored/>
  </testcase> <!-- login -->
  <testcase classname="com.demo.main.WebDriverManager" name="@BeforeTest beforeTest" time="0.0">
    <ignored/>
  </testcase> <!-- @BeforeTest beforeTest -->
  <testcase classname="com.demo.main.WebDriverManager" name="@BeforeTest beforeTest" time="0.0">
    <ignored/>
  </testcase> <!-- @BeforeTest beforeTest -->
  <testcase classname="com.demo.main.WebDriverManager" name="@BeforeTest beforeTest" time="0.0">
    <ignored/>
  </testcase> <!-- @BeforeTest beforeTest -->
</testsuite> <!-- sample-Test -->
